Compiling the C compiler identification source file "CMakeCCompilerId.c" failed.
Compiler: /opt/gcc-arm-none-eabi-10.3-2021.10/bin/arm-none-eabi-gcc 
Build flags: 
Id flags:  

The output was:
1
/opt/gcc-arm-none-eabi-10.3-2021.10/bin/../lib/gcc/arm-none-eabi/10.3.1/../../../../arm-none-eabi/bin/ld: /opt/gcc-arm-none-eabi-10.3-2021.10/bin/../lib/gcc/arm-none-eabi/10.3.1/../../../../arm-none-eabi/lib/libc.a(lib_a-exit.o): in function `exit':
exit.c:(.text.exit+0x2c): undefined reference to `_exit'
collect2: error: ld returned 1 exit status


Determining if the C compiler works failed with the following output:
Change Dir: /home/jeams/workspace/testapp/build/CMakeFiles/CMakeTmp

Run Build Command(s):/usr/bin/make cmTC_f58e7/fast && /usr/bin/make -f CMakeFiles/cmTC_f58e7.dir/build.make CMakeFiles/cmTC_f58e7.dir/build
make[1]: Entering directory '/home/jeams/workspace/testapp/build/CMakeFiles/CMakeTmp'
Building C object CMakeFiles/cmTC_f58e7.dir/testCCompiler.c.o
/opt/gcc-arm-none-eabi-10.3-2021.10/bin/arm-none-eabi-gcc    -o CMakeFiles/cmTC_f58e7.dir/testCCompiler.c.o   -c /home/jeams/workspace/testapp/build/CMakeFiles/CMakeTmp/testCCompiler.c
Linking C executable cmTC_f58e7
/usr/bin/cmake -E cmake_link_script CMakeFiles/cmTC_f58e7.dir/link.txt --verbose=1
/opt/gcc-arm-none-eabi-10.3-2021.10/bin/arm-none-eabi-gcc      CMakeFiles/cmTC_f58e7.dir/testCCompiler.c.o  -o cmTC_f58e7 
/opt/gcc-arm-none-eabi-10.3-2021.10/bin/../lib/gcc/arm-none-eabi/10.3.1/../../../../arm-none-eabi/bin/ld: /opt/gcc-arm-none-eabi-10.3-2021.10/bin/../lib/gcc/arm-none-eabi/10.3.1/../../../../arm-none-eabi/lib/libc.a(lib_a-exit.o): in function `exit':
exit.c:(.text.exit+0x2c): undefined reference to `_exit'
collect2: error: ld returned 1 exit status
make[1]: *** [CMakeFiles/cmTC_f58e7.dir/build.make:87: cmTC_f58e7] Error 1
make[1]: Leaving directory '/home/jeams/workspace/testapp/build/CMakeFiles/CMakeTmp'
make: *** [Makefile:121: cmTC_f58e7/fast] Error 2



Compiling the C compiler identification source file "CMakeCCompilerId.c" failed.
Compiler: /opt/gcc-arm-none-eabi-10.3-2021.10/bin/arm-none-eabi-gcc 
Build flags: 
Id flags:  

The output was:
1
/opt/gcc-arm-none-eabi-10.3-2021.10/bin/../lib/gcc/arm-none-eabi/10.3.1/../../../../arm-none-eabi/bin/ld: /opt/gcc-arm-none-eabi-10.3-2021.10/bin/../lib/gcc/arm-none-eabi/10.3.1/../../../../arm-none-eabi/lib/libc.a(lib_a-exit.o): in function `exit':
exit.c:(.text.exit+0x2c): undefined reference to `_exit'
collect2: error: ld returned 1 exit status


