The target system is: Linux -  - arm
The host system is: Linux - 5.10.16.3-microsoft-standard-WSL2 - x86_64
Compiling the C compiler identification source file "CMakeCCompilerId.c" succeeded.
Compiler: /opt/gcc-arm-none-eabi-10.3-2021.10/bin/arm-none-eabi-gcc 
Build flags: 
Id flags: -c 

The output was:
0


Compilation of the C compiler identification source "CMakeCCompilerId.c" produced "CMakeCCompilerId.o"

The C compiler identification is GNU, found in "/home/jeams/workspace/testapp/build/CMakeFiles/3.16.3/CompilerIdC/CMakeCCompilerId.o"

Checking whether the ASM compiler is GNU using "--version" matched "(GNU assembler)|(GCC)|(Free Software Foundation)":
GNU assembler (GNU Arm Embedded Toolchain 10.3-2021.10) 2.36.1.20210621
Copyright (C) 2021 Free Software Foundation, Inc.
This program is free software; you may redistribute it under the terms of
the GNU General Public License version 3 or later.
This program has absolutely no warranty.
This assembler was configured for a target of `arm-none-eabi'.
Compiling the C compiler identification source file "CMakeCCompilerId.c" succeeded.
Compiler: /opt/gcc-arm-none-eabi-10.3-2021.10/bin/arm-none-eabi-gcc 
Build flags: 
Id flags: -c 

The output was:
0


Compilation of the C compiler identification source "CMakeCCompilerId.c" produced "CMakeCCompilerId.o"

The C compiler identification is GNU, found in "/home/jeams/workspace/testapp/build/CMakeFiles/3.16.3/CompilerIdC/CMakeCCompilerId.o"

Checking whether the ASM compiler is GNU using "--version" matched "(GNU assembler)|(GCC)|(Free Software Foundation)":
GNU assembler (GNU Arm Embedded Toolchain 10.3-2021.10) 2.36.1.20210621
Copyright (C) 2021 Free Software Foundation, Inc.
This program is free software; you may redistribute it under the terms of
the GNU General Public License version 3 or later.
This program has absolutely no warranty.
This assembler was configured for a target of `arm-none-eabi'.
Determining if the C compiler works passed with the following output:
Change Dir: /home/jeams/workspace/testapp/build/CMakeFiles/CMakeTmp

Run Build Command(s):/usr/bin/make cmTC_79b9c/fast && /usr/bin/make -f CMakeFiles/cmTC_79b9c.dir/build.make CMakeFiles/cmTC_79b9c.dir/build
make[1]: Entering directory '/home/jeams/workspace/testapp/build/CMakeFiles/CMakeTmp'
Building C object CMakeFiles/cmTC_79b9c.dir/testCCompiler.c.o
/opt/gcc-arm-none-eabi-10.3-2021.10/bin/arm-none-eabi-gcc    -o CMakeFiles/cmTC_79b9c.dir/testCCompiler.c.o   -c /home/jeams/workspace/testapp/build/CMakeFiles/CMakeTmp/testCCompiler.c
Linking C executable cmTC_79b9c
/usr/bin/cmake -E cmake_link_script CMakeFiles/cmTC_79b9c.dir/link.txt --verbose=1
/opt/gcc-arm-none-eabi-10.3-2021.10/bin/arm-none-eabi-gcc    --specs=nosys.specs  CMakeFiles/cmTC_79b9c.dir/testCCompiler.c.o  -o cmTC_79b9c 
make[1]: Leaving directory '/home/jeams/workspace/testapp/build/CMakeFiles/CMakeTmp'



Detecting C compiler ABI info compiled with the following output:
Change Dir: /home/jeams/workspace/testapp/build/CMakeFiles/CMakeTmp

Run Build Command(s):/usr/bin/make cmTC_4ba31/fast && /usr/bin/make -f CMakeFiles/cmTC_4ba31.dir/build.make CMakeFiles/cmTC_4ba31.dir/build
make[1]: Entering directory '/home/jeams/workspace/testapp/build/CMakeFiles/CMakeTmp'
Building C object CMakeFiles/cmTC_4ba31.dir/CMakeCCompilerABI.c.o
/opt/gcc-arm-none-eabi-10.3-2021.10/bin/arm-none-eabi-gcc   -v -o CMakeFiles/cmTC_4ba31.dir/CMakeCCompilerABI.c.o   -c /usr/share/cmake-3.16/Modules/CMakeCCompilerABI.c
Using built-in specs.
COLLECT_GCC=/opt/gcc-arm-none-eabi-10.3-2021.10/bin/arm-none-eabi-gcc
Target: arm-none-eabi
Configured with: /mnt/workspace/workspace/GCC-10-pipeline/jenkins-GCC-10-pipeline-338_20211018_1634516203/src/gcc/configure --target=arm-none-eabi --prefix=/mnt/workspace/workspace/GCC-10-pipeline/jenkins-GCC-10-pipeline-338_20211018_1634516203/install-native --libexecdir=/mnt/workspace/workspace/GCC-10-pipeline/jenkins-GCC-10-pipeline-338_20211018_1634516203/install-native/lib --infodir=/mnt/workspace/workspace/GCC-10-pipeline/jenkins-GCC-10-pipeline-338_20211018_1634516203/install-native/share/doc/gcc-arm-none-eabi/info --mandir=/mnt/workspace/workspace/GCC-10-pipeline/jenkins-GCC-10-pipeline-338_20211018_1634516203/install-native/share/doc/gcc-arm-none-eabi/man --htmldir=/mnt/workspace/workspace/GCC-10-pipeline/jenkins-GCC-10-pipeline-338_20211018_1634516203/install-native/share/doc/gcc-arm-none-eabi/html --pdfdir=/mnt/workspace/workspace/GCC-10-pipeline/jenkins-GCC-10-pipeline-338_20211018_1634516203/install-native/share/doc/gcc-arm-none-eabi/pdf --enable-languages=c,c++ --enable-plugins --disable-decimal-float --disable-libffi --disable-libgomp --disable-libmudflap --disable-libquadmath --disable-libssp --disable-libstdcxx-pch --disable-nls --disable-shared --disable-threads --disable-tls --with-gnu-as --with-gnu-ld --with-newlib --with-headers=yes --with-python-dir=share/gcc-arm-none-eabi --with-sysroot=/mnt/workspace/workspace/GCC-10-pipeline/jenkins-GCC-10-pipeline-338_20211018_1634516203/install-native/arm-none-eabi --build=x86_64-linux-gnu --host=x86_64-linux-gnu --with-gmp=/mnt/workspace/workspace/GCC-10-pipeline/jenkins-GCC-10-pipeline-338_20211018_1634516203/build-native/host-libs/usr --with-mpfr=/mnt/workspace/workspace/GCC-10-pipeline/jenkins-GCC-10-pipeline-338_20211018_1634516203/build-native/host-libs/usr --with-mpc=/mnt/workspace/workspace/GCC-10-pipeline/jenkins-GCC-10-pipeline-338_20211018_1634516203/build-native/host-libs/usr --with-isl=/mnt/workspace/workspace/GCC-10-pipeline/jenkins-GCC-10-pipeline-338_20211018_1634516203/build-native/host-libs/usr --with-libelf=/mnt/workspace/workspace/GCC-10-pipeline/jenkins-GCC-10-pipeline-338_20211018_1634516203/build-native/host-libs/usr --with-host-libstdcxx='-static-libgcc -Wl,-Bstatic,-lstdc++,-Bdynamic -lm' --with-pkgversion='GNU Arm Embedded Toolchain 10.3-2021.10' --with-multilib-list=rmprofile,aprofile
Thread model: single
Supported LTO compression algorithms: zlib
gcc version 10.3.1 20210824 (release) (GNU Arm Embedded Toolchain 10.3-2021.10) 
COLLECT_GCC_OPTIONS='-v' '-o' 'CMakeFiles/cmTC_4ba31.dir/CMakeCCompilerABI.c.o' '-c' '-mcpu=arm7tdmi' '-mfloat-abi=soft' '-marm' '-mlibarch=armv4t' '-march=armv4t'
 /opt/gcc-arm-none-eabi-10.3-2021.10/bin/../lib/gcc/arm-none-eabi/10.3.1/cc1 -quiet -v -iprefix /opt/gcc-arm-none-eabi-10.3-2021.10/bin/../lib/gcc/arm-none-eabi/10.3.1/ -isysroot /opt/gcc-arm-none-eabi-10.3-2021.10/bin/../arm-none-eabi -D__USES_INITFINI__ /usr/share/cmake-3.16/Modules/CMakeCCompilerABI.c -quiet -dumpbase CMakeCCompilerABI.c -mcpu=arm7tdmi -mfloat-abi=soft -marm -mlibarch=armv4t -march=armv4t -auxbase-strip CMakeFiles/cmTC_4ba31.dir/CMakeCCompilerABI.c.o -version -o /tmp/ccG9C26b.s
GNU C17 (GNU Arm Embedded Toolchain 10.3-2021.10) version 10.3.1 20210824 (release) (arm-none-eabi)
	compiled by GNU C version 4.8.4, GMP version 6.1.0, MPFR version 3.1.4, MPC version 1.0.3, isl version isl-0.18-GMP

GGC heuristics: --param ggc-min-expand=100 --param ggc-min-heapsize=131072
ignoring duplicate directory "/opt/gcc-arm-none-eabi-10.3-2021.10/bin/../lib/gcc/../../lib/gcc/arm-none-eabi/10.3.1/include"
ignoring nonexistent directory "/opt/gcc-arm-none-eabi-10.3-2021.10/bin/../arm-none-eabi/usr/local/include"
ignoring duplicate directory "/opt/gcc-arm-none-eabi-10.3-2021.10/bin/../lib/gcc/../../lib/gcc/arm-none-eabi/10.3.1/include-fixed"
ignoring duplicate directory "/opt/gcc-arm-none-eabi-10.3-2021.10/bin/../lib/gcc/../../lib/gcc/arm-none-eabi/10.3.1/../../../../arm-none-eabi/include"
ignoring nonexistent directory "/opt/gcc-arm-none-eabi-10.3-2021.10/bin/../arm-none-eabi/usr/include"
#include "..." search starts here:
#include <...> search starts here:
 /opt/gcc-arm-none-eabi-10.3-2021.10/bin/../lib/gcc/arm-none-eabi/10.3.1/include
 /opt/gcc-arm-none-eabi-10.3-2021.10/bin/../lib/gcc/arm-none-eabi/10.3.1/include-fixed
 /opt/gcc-arm-none-eabi-10.3-2021.10/bin/../lib/gcc/arm-none-eabi/10.3.1/../../../../arm-none-eabi/include
End of search list.
GNU C17 (GNU Arm Embedded Toolchain 10.3-2021.10) version 10.3.1 20210824 (release) (arm-none-eabi)
	compiled by GNU C version 4.8.4, GMP version 6.1.0, MPFR version 3.1.4, MPC version 1.0.3, isl version isl-0.18-GMP

GGC heuristics: --param ggc-min-expand=100 --param ggc-min-heapsize=131072
Compiler executable checksum: ada28fdd13bdd399f195284d34df0081
COLLECT_GCC_OPTIONS='-v' '-o' 'CMakeFiles/cmTC_4ba31.dir/CMakeCCompilerABI.c.o' '-c' '-mcpu=arm7tdmi' '-mfloat-abi=soft' '-marm' '-mlibarch=armv4t' '-march=armv4t'
 /opt/gcc-arm-none-eabi-10.3-2021.10/bin/../lib/gcc/arm-none-eabi/10.3.1/../../../../arm-none-eabi/bin/as -v -march=armv4t -mfloat-abi=soft -meabi=5 -o CMakeFiles/cmTC_4ba31.dir/CMakeCCompilerABI.c.o /tmp/ccG9C26b.s
GNU assembler version 2.36.1 (arm-none-eabi) using BFD version (GNU Arm Embedded Toolchain 10.3-2021.10) 2.36.1.20210621
COMPILER_PATH=/opt/gcc-arm-none-eabi-10.3-2021.10/bin/../lib/gcc/arm-none-eabi/10.3.1/:/opt/gcc-arm-none-eabi-10.3-2021.10/bin/../lib/gcc/:/opt/gcc-arm-none-eabi-10.3-2021.10/bin/../lib/gcc/arm-none-eabi/10.3.1/../../../../arm-none-eabi/bin/
LIBRARY_PATH=/opt/gcc-arm-none-eabi-10.3-2021.10/bin/../lib/gcc/arm-none-eabi/10.3.1/:/opt/gcc-arm-none-eabi-10.3-2021.10/bin/../lib/gcc/:/opt/gcc-arm-none-eabi-10.3-2021.10/bin/../lib/gcc/arm-none-eabi/10.3.1/../../../../arm-none-eabi/lib/:/opt/gcc-arm-none-eabi-10.3-2021.10/bin/../arm-none-eabi/lib/
COLLECT_GCC_OPTIONS='-v' '-o' 'CMakeFiles/cmTC_4ba31.dir/CMakeCCompilerABI.c.o' '-c' '-mcpu=arm7tdmi' '-mfloat-abi=soft' '-marm' '-mlibarch=armv4t' '-march=armv4t'
Linking C executable cmTC_4ba31
/usr/bin/cmake -E cmake_link_script CMakeFiles/cmTC_4ba31.dir/link.txt --verbose=1
/opt/gcc-arm-none-eabi-10.3-2021.10/bin/arm-none-eabi-gcc    --specs=nosys.specs -v CMakeFiles/cmTC_4ba31.dir/CMakeCCompilerABI.c.o  -o cmTC_4ba31 
Using built-in specs.
Reading specs from /opt/gcc-arm-none-eabi-10.3-2021.10/bin/../lib/gcc/arm-none-eabi/10.3.1/../../../../arm-none-eabi/lib/nosys.specs
rename spec link_gcc_c_sequence to nosys_link_gcc_c_sequence
COLLECT_GCC=/opt/gcc-arm-none-eabi-10.3-2021.10/bin/arm-none-eabi-gcc
COLLECT_LTO_WRAPPER=/opt/gcc-arm-none-eabi-10.3-2021.10/bin/../lib/gcc/arm-none-eabi/10.3.1/lto-wrapper
Target: arm-none-eabi
Configured with: /mnt/workspace/workspace/GCC-10-pipeline/jenkins-GCC-10-pipeline-338_20211018_1634516203/src/gcc/configure --target=arm-none-eabi --prefix=/mnt/workspace/workspace/GCC-10-pipeline/jenkins-GCC-10-pipeline-338_20211018_1634516203/install-native --libexecdir=/mnt/workspace/workspace/GCC-10-pipeline/jenkins-GCC-10-pipeline-338_20211018_1634516203/install-native/lib --infodir=/mnt/workspace/workspace/GCC-10-pipeline/jenkins-GCC-10-pipeline-338_20211018_1634516203/install-native/share/doc/gcc-arm-none-eabi/info --mandir=/mnt/workspace/workspace/GCC-10-pipeline/jenkins-GCC-10-pipeline-338_20211018_1634516203/install-native/share/doc/gcc-arm-none-eabi/man --htmldir=/mnt/workspace/workspace/GCC-10-pipeline/jenkins-GCC-10-pipeline-338_20211018_1634516203/install-native/share/doc/gcc-arm-none-eabi/html --pdfdir=/mnt/workspace/workspace/GCC-10-pipeline/jenkins-GCC-10-pipeline-338_20211018_1634516203/install-native/share/doc/gcc-arm-none-eabi/pdf --enable-languages=c,c++ --enable-plugins --disable-decimal-float --disable-libffi --disable-libgomp --disable-libmudflap --disable-libquadmath --disable-libssp --disable-libstdcxx-pch --disable-nls --disable-shared --disable-threads --disable-tls --with-gnu-as --with-gnu-ld --with-newlib --with-headers=yes --with-python-dir=share/gcc-arm-none-eabi --with-sysroot=/mnt/workspace/workspace/GCC-10-pipeline/jenkins-GCC-10-pipeline-338_20211018_1634516203/install-native/arm-none-eabi --build=x86_64-linux-gnu --host=x86_64-linux-gnu --with-gmp=/mnt/workspace/workspace/GCC-10-pipeline/jenkins-GCC-10-pipeline-338_20211018_1634516203/build-native/host-libs/usr --with-mpfr=/mnt/workspace/workspace/GCC-10-pipeline/jenkins-GCC-10-pipeline-338_20211018_1634516203/build-native/host-libs/usr --with-mpc=/mnt/workspace/workspace/GCC-10-pipeline/jenkins-GCC-10-pipeline-338_20211018_1634516203/build-native/host-libs/usr --with-isl=/mnt/workspace/workspace/GCC-10-pipeline/jenkins-GCC-10-pipeline-338_20211018_1634516203/build-native/host-libs/usr --with-libelf=/mnt/workspace/workspace/GCC-10-pipeline/jenkins-GCC-10-pipeline-338_20211018_1634516203/build-native/host-libs/usr --with-host-libstdcxx='-static-libgcc -Wl,-Bstatic,-lstdc++,-Bdynamic -lm' --with-pkgversion='GNU Arm Embedded Toolchain 10.3-2021.10' --with-multilib-list=rmprofile,aprofile
Thread model: single
Supported LTO compression algorithms: zlib
gcc version 10.3.1 20210824 (release) (GNU Arm Embedded Toolchain 10.3-2021.10) 
COMPILER_PATH=/opt/gcc-arm-none-eabi-10.3-2021.10/bin/../lib/gcc/arm-none-eabi/10.3.1/:/opt/gcc-arm-none-eabi-10.3-2021.10/bin/../lib/gcc/:/opt/gcc-arm-none-eabi-10.3-2021.10/bin/../lib/gcc/arm-none-eabi/10.3.1/../../../../arm-none-eabi/bin/
LIBRARY_PATH=/opt/gcc-arm-none-eabi-10.3-2021.10/bin/../lib/gcc/arm-none-eabi/10.3.1/:/opt/gcc-arm-none-eabi-10.3-2021.10/bin/../lib/gcc/:/opt/gcc-arm-none-eabi-10.3-2021.10/bin/../lib/gcc/arm-none-eabi/10.3.1/../../../../arm-none-eabi/lib/:/opt/gcc-arm-none-eabi-10.3-2021.10/bin/../arm-none-eabi/lib/
COLLECT_GCC_OPTIONS='-specs=nosys.specs' '-v' '-o' 'cmTC_4ba31' '-mcpu=arm7tdmi' '-mfloat-abi=soft' '-marm' '-mlibarch=armv4t' '-march=armv4t'
 /opt/gcc-arm-none-eabi-10.3-2021.10/bin/../lib/gcc/arm-none-eabi/10.3.1/collect2 -plugin /opt/gcc-arm-none-eabi-10.3-2021.10/bin/../lib/gcc/arm-none-eabi/10.3.1/liblto_plugin.so -plugin-opt=/opt/gcc-arm-none-eabi-10.3-2021.10/bin/../lib/gcc/arm-none-eabi/10.3.1/lto-wrapper -plugin-opt=-fresolution=/tmp/ccWaZygK.res -plugin-opt=-pass-through=-lgcc -plugin-opt=-pass-through=-lc -plugin-opt=-pass-through=-lgcc -plugin-opt=-pass-through=-lc -plugin-opt=-pass-through=-lnosys --sysroot=/opt/gcc-arm-none-eabi-10.3-2021.10/bin/../arm-none-eabi -X -o cmTC_4ba31 /opt/gcc-arm-none-eabi-10.3-2021.10/bin/../lib/gcc/arm-none-eabi/10.3.1/crti.o /opt/gcc-arm-none-eabi-10.3-2021.10/bin/../lib/gcc/arm-none-eabi/10.3.1/crtbegin.o /opt/gcc-arm-none-eabi-10.3-2021.10/bin/../lib/gcc/arm-none-eabi/10.3.1/../../../../arm-none-eabi/lib/crt0.o -L/opt/gcc-arm-none-eabi-10.3-2021.10/bin/../lib/gcc/arm-none-eabi/10.3.1 -L/opt/gcc-arm-none-eabi-10.3-2021.10/bin/../lib/gcc -L/opt/gcc-arm-none-eabi-10.3-2021.10/bin/../lib/gcc/arm-none-eabi/10.3.1/../../../../arm-none-eabi/lib -L/opt/gcc-arm-none-eabi-10.3-2021.10/bin/../arm-none-eabi/lib CMakeFiles/cmTC_4ba31.dir/CMakeCCompilerABI.c.o --start-group -lgcc -lc --end-group --start-group -lgcc -lc -lnosys --end-group /opt/gcc-arm-none-eabi-10.3-2021.10/bin/../lib/gcc/arm-none-eabi/10.3.1/crtend.o /opt/gcc-arm-none-eabi-10.3-2021.10/bin/../lib/gcc/arm-none-eabi/10.3.1/crtn.o
COLLECT_GCC_OPTIONS='-specs=nosys.specs' '-v' '-o' 'cmTC_4ba31' '-mcpu=arm7tdmi' '-mfloat-abi=soft' '-marm' '-mlibarch=armv4t' '-march=armv4t'
make[1]: Leaving directory '/home/jeams/workspace/testapp/build/CMakeFiles/CMakeTmp'



Parsed C implicit include dir info from above output: rv=done
  found start of include info
  found start of implicit include info
    add: [/opt/gcc-arm-none-eabi-10.3-2021.10/bin/../lib/gcc/arm-none-eabi/10.3.1/include]
    add: [/opt/gcc-arm-none-eabi-10.3-2021.10/bin/../lib/gcc/arm-none-eabi/10.3.1/include-fixed]
    add: [/opt/gcc-arm-none-eabi-10.3-2021.10/bin/../lib/gcc/arm-none-eabi/10.3.1/../../../../arm-none-eabi/include]
  end of search list found
  collapse include dir [/opt/gcc-arm-none-eabi-10.3-2021.10/bin/../lib/gcc/arm-none-eabi/10.3.1/include] ==> [/opt/gcc-arm-none-eabi-10.3-2021.10/lib/gcc/arm-none-eabi/10.3.1/include]
  collapse include dir [/opt/gcc-arm-none-eabi-10.3-2021.10/bin/../lib/gcc/arm-none-eabi/10.3.1/include-fixed] ==> [/opt/gcc-arm-none-eabi-10.3-2021.10/lib/gcc/arm-none-eabi/10.3.1/include-fixed]
  collapse include dir [/opt/gcc-arm-none-eabi-10.3-2021.10/bin/../lib/gcc/arm-none-eabi/10.3.1/../../../../arm-none-eabi/include] ==> [/opt/gcc-arm-none-eabi-10.3-2021.10/arm-none-eabi/include]
  implicit include dirs: [/opt/gcc-arm-none-eabi-10.3-2021.10/lib/gcc/arm-none-eabi/10.3.1/include;/opt/gcc-arm-none-eabi-10.3-2021.10/lib/gcc/arm-none-eabi/10.3.1/include-fixed;/opt/gcc-arm-none-eabi-10.3-2021.10/arm-none-eabi/include]


Parsed C implicit link information from above output:
  link line regex: [^( *|.*[/\])(arm-none-eabi-ld|CMAKE_LINK_STARTFILE-NOTFOUND|([^/\]+-)?ld|collect2)[^/\]*( |$)]
  ignore line: [Change Dir: /home/jeams/workspace/testapp/build/CMakeFiles/CMakeTmp]
  ignore line: []
  ignore line: [Run Build Command(s):/usr/bin/make cmTC_4ba31/fast && /usr/bin/make -f CMakeFiles/cmTC_4ba31.dir/build.make CMakeFiles/cmTC_4ba31.dir/build]
  ignore line: [make[1]: Entering directory '/home/jeams/workspace/testapp/build/CMakeFiles/CMakeTmp']
  ignore line: [Building C object CMakeFiles/cmTC_4ba31.dir/CMakeCCompilerABI.c.o]
  ignore line: [/opt/gcc-arm-none-eabi-10.3-2021.10/bin/arm-none-eabi-gcc   -v -o CMakeFiles/cmTC_4ba31.dir/CMakeCCompilerABI.c.o   -c /usr/share/cmake-3.16/Modules/CMakeCCompilerABI.c]
  ignore line: [Using built-in specs.]
  ignore line: [COLLECT_GCC=/opt/gcc-arm-none-eabi-10.3-2021.10/bin/arm-none-eabi-gcc]
  ignore line: [Target: arm-none-eabi]
  ignore line: [Configured with: /mnt/workspace/workspace/GCC-10-pipeline/jenkins-GCC-10-pipeline-338_20211018_1634516203/src/gcc/configure --target=arm-none-eabi --prefix=/mnt/workspace/workspace/GCC-10-pipeline/jenkins-GCC-10-pipeline-338_20211018_1634516203/install-native --libexecdir=/mnt/workspace/workspace/GCC-10-pipeline/jenkins-GCC-10-pipeline-338_20211018_1634516203/install-native/lib --infodir=/mnt/workspace/workspace/GCC-10-pipeline/jenkins-GCC-10-pipeline-338_20211018_1634516203/install-native/share/doc/gcc-arm-none-eabi/info --mandir=/mnt/workspace/workspace/GCC-10-pipeline/jenkins-GCC-10-pipeline-338_20211018_1634516203/install-native/share/doc/gcc-arm-none-eabi/man --htmldir=/mnt/workspace/workspace/GCC-10-pipeline/jenkins-GCC-10-pipeline-338_20211018_1634516203/install-native/share/doc/gcc-arm-none-eabi/html --pdfdir=/mnt/workspace/workspace/GCC-10-pipeline/jenkins-GCC-10-pipeline-338_20211018_1634516203/install-native/share/doc/gcc-arm-none-eabi/pdf --enable-languages=c,c++ --enable-plugins --disable-decimal-float --disable-libffi --disable-libgomp --disable-libmudflap --disable-libquadmath --disable-libssp --disable-libstdcxx-pch --disable-nls --disable-shared --disable-threads --disable-tls --with-gnu-as --with-gnu-ld --with-newlib --with-headers=yes --with-python-dir=share/gcc-arm-none-eabi --with-sysroot=/mnt/workspace/workspace/GCC-10-pipeline/jenkins-GCC-10-pipeline-338_20211018_1634516203/install-native/arm-none-eabi --build=x86_64-linux-gnu --host=x86_64-linux-gnu --with-gmp=/mnt/workspace/workspace/GCC-10-pipeline/jenkins-GCC-10-pipeline-338_20211018_1634516203/build-native/host-libs/usr --with-mpfr=/mnt/workspace/workspace/GCC-10-pipeline/jenkins-GCC-10-pipeline-338_20211018_1634516203/build-native/host-libs/usr --with-mpc=/mnt/workspace/workspace/GCC-10-pipeline/jenkins-GCC-10-pipeline-338_20211018_1634516203/build-native/host-libs/usr --with-isl=/mnt/workspace/workspace/GCC-10-pipeline/jenkins-GCC-10-pipeline-338_20211018_1634516203/build-native/host-libs/usr --with-libelf=/mnt/workspace/workspace/GCC-10-pipeline/jenkins-GCC-10-pipeline-338_20211018_1634516203/build-native/host-libs/usr --with-host-libstdcxx='-static-libgcc -Wl,-Bstatic,-lstdc++,-Bdynamic -lm' --with-pkgversion='GNU Arm Embedded Toolchain 10.3-2021.10' --with-multilib-list=rmprofile,aprofile]
  ignore line: [Thread model: single]
  ignore line: [Supported LTO compression algorithms: zlib]
  ignore line: [gcc version 10.3.1 20210824 (release) (GNU Arm Embedded Toolchain 10.3-2021.10) ]
  ignore line: [COLLECT_GCC_OPTIONS='-v' '-o' 'CMakeFiles/cmTC_4ba31.dir/CMakeCCompilerABI.c.o' '-c' '-mcpu=arm7tdmi' '-mfloat-abi=soft' '-marm' '-mlibarch=armv4t' '-march=armv4t']
  ignore line: [ /opt/gcc-arm-none-eabi-10.3-2021.10/bin/../lib/gcc/arm-none-eabi/10.3.1/cc1 -quiet -v -iprefix /opt/gcc-arm-none-eabi-10.3-2021.10/bin/../lib/gcc/arm-none-eabi/10.3.1/ -isysroot /opt/gcc-arm-none-eabi-10.3-2021.10/bin/../arm-none-eabi -D__USES_INITFINI__ /usr/share/cmake-3.16/Modules/CMakeCCompilerABI.c -quiet -dumpbase CMakeCCompilerABI.c -mcpu=arm7tdmi -mfloat-abi=soft -marm -mlibarch=armv4t -march=armv4t -auxbase-strip CMakeFiles/cmTC_4ba31.dir/CMakeCCompilerABI.c.o -version -o /tmp/ccG9C26b.s]
  ignore line: [GNU C17 (GNU Arm Embedded Toolchain 10.3-2021.10) version 10.3.1 20210824 (release) (arm-none-eabi)]
  ignore line: [	compiled by GNU C version 4.8.4  GMP version 6.1.0  MPFR version 3.1.4  MPC version 1.0.3  isl version isl-0.18-GMP]
  ignore line: []
  ignore line: [GGC heuristics: --param ggc-min-expand=100 --param ggc-min-heapsize=131072]
  ignore line: [ignoring duplicate directory "/opt/gcc-arm-none-eabi-10.3-2021.10/bin/../lib/gcc/../../lib/gcc/arm-none-eabi/10.3.1/include"]
  ignore line: [ignoring nonexistent directory "/opt/gcc-arm-none-eabi-10.3-2021.10/bin/../arm-none-eabi/usr/local/include"]
  ignore line: [ignoring duplicate directory "/opt/gcc-arm-none-eabi-10.3-2021.10/bin/../lib/gcc/../../lib/gcc/arm-none-eabi/10.3.1/include-fixed"]
  ignore line: [ignoring duplicate directory "/opt/gcc-arm-none-eabi-10.3-2021.10/bin/../lib/gcc/../../lib/gcc/arm-none-eabi/10.3.1/../../../../arm-none-eabi/include"]
  ignore line: [ignoring nonexistent directory "/opt/gcc-arm-none-eabi-10.3-2021.10/bin/../arm-none-eabi/usr/include"]
  ignore line: [#include "..." search starts here:]
  ignore line: [#include <...> search starts here:]
  ignore line: [ /opt/gcc-arm-none-eabi-10.3-2021.10/bin/../lib/gcc/arm-none-eabi/10.3.1/include]
  ignore line: [ /opt/gcc-arm-none-eabi-10.3-2021.10/bin/../lib/gcc/arm-none-eabi/10.3.1/include-fixed]
  ignore line: [ /opt/gcc-arm-none-eabi-10.3-2021.10/bin/../lib/gcc/arm-none-eabi/10.3.1/../../../../arm-none-eabi/include]
  ignore line: [End of search list.]
  ignore line: [GNU C17 (GNU Arm Embedded Toolchain 10.3-2021.10) version 10.3.1 20210824 (release) (arm-none-eabi)]
  ignore line: [	compiled by GNU C version 4.8.4  GMP version 6.1.0  MPFR version 3.1.4  MPC version 1.0.3  isl version isl-0.18-GMP]
  ignore line: []
  ignore line: [GGC heuristics: --param ggc-min-expand=100 --param ggc-min-heapsize=131072]
  ignore line: [Compiler executable checksum: ada28fdd13bdd399f195284d34df0081]
  ignore line: [COLLECT_GCC_OPTIONS='-v' '-o' 'CMakeFiles/cmTC_4ba31.dir/CMakeCCompilerABI.c.o' '-c' '-mcpu=arm7tdmi' '-mfloat-abi=soft' '-marm' '-mlibarch=armv4t' '-march=armv4t']
  ignore line: [ /opt/gcc-arm-none-eabi-10.3-2021.10/bin/../lib/gcc/arm-none-eabi/10.3.1/../../../../arm-none-eabi/bin/as -v -march=armv4t -mfloat-abi=soft -meabi=5 -o CMakeFiles/cmTC_4ba31.dir/CMakeCCompilerABI.c.o /tmp/ccG9C26b.s]
  ignore line: [GNU assembler version 2.36.1 (arm-none-eabi) using BFD version (GNU Arm Embedded Toolchain 10.3-2021.10) 2.36.1.20210621]
  ignore line: [COMPILER_PATH=/opt/gcc-arm-none-eabi-10.3-2021.10/bin/../lib/gcc/arm-none-eabi/10.3.1/:/opt/gcc-arm-none-eabi-10.3-2021.10/bin/../lib/gcc/:/opt/gcc-arm-none-eabi-10.3-2021.10/bin/../lib/gcc/arm-none-eabi/10.3.1/../../../../arm-none-eabi/bin/]
  ignore line: [LIBRARY_PATH=/opt/gcc-arm-none-eabi-10.3-2021.10/bin/../lib/gcc/arm-none-eabi/10.3.1/:/opt/gcc-arm-none-eabi-10.3-2021.10/bin/../lib/gcc/:/opt/gcc-arm-none-eabi-10.3-2021.10/bin/../lib/gcc/arm-none-eabi/10.3.1/../../../../arm-none-eabi/lib/:/opt/gcc-arm-none-eabi-10.3-2021.10/bin/../arm-none-eabi/lib/]
  ignore line: [COLLECT_GCC_OPTIONS='-v' '-o' 'CMakeFiles/cmTC_4ba31.dir/CMakeCCompilerABI.c.o' '-c' '-mcpu=arm7tdmi' '-mfloat-abi=soft' '-marm' '-mlibarch=armv4t' '-march=armv4t']
  ignore line: [Linking C executable cmTC_4ba31]
  ignore line: [/usr/bin/cmake -E cmake_link_script CMakeFiles/cmTC_4ba31.dir/link.txt --verbose=1]
  ignore line: [/opt/gcc-arm-none-eabi-10.3-2021.10/bin/arm-none-eabi-gcc    --specs=nosys.specs -v CMakeFiles/cmTC_4ba31.dir/CMakeCCompilerABI.c.o  -o cmTC_4ba31 ]
  ignore line: [Using built-in specs.]
  ignore line: [Reading specs from /opt/gcc-arm-none-eabi-10.3-2021.10/bin/../lib/gcc/arm-none-eabi/10.3.1/../../../../arm-none-eabi/lib/nosys.specs]
  ignore line: [rename spec link_gcc_c_sequence to nosys_link_gcc_c_sequence]
  ignore line: [COLLECT_GCC=/opt/gcc-arm-none-eabi-10.3-2021.10/bin/arm-none-eabi-gcc]
  ignore line: [COLLECT_LTO_WRAPPER=/opt/gcc-arm-none-eabi-10.3-2021.10/bin/../lib/gcc/arm-none-eabi/10.3.1/lto-wrapper]
  ignore line: [Target: arm-none-eabi]
  ignore line: [Configured with: /mnt/workspace/workspace/GCC-10-pipeline/jenkins-GCC-10-pipeline-338_20211018_1634516203/src/gcc/configure --target=arm-none-eabi --prefix=/mnt/workspace/workspace/GCC-10-pipeline/jenkins-GCC-10-pipeline-338_20211018_1634516203/install-native --libexecdir=/mnt/workspace/workspace/GCC-10-pipeline/jenkins-GCC-10-pipeline-338_20211018_1634516203/install-native/lib --infodir=/mnt/workspace/workspace/GCC-10-pipeline/jenkins-GCC-10-pipeline-338_20211018_1634516203/install-native/share/doc/gcc-arm-none-eabi/info --mandir=/mnt/workspace/workspace/GCC-10-pipeline/jenkins-GCC-10-pipeline-338_20211018_1634516203/install-native/share/doc/gcc-arm-none-eabi/man --htmldir=/mnt/workspace/workspace/GCC-10-pipeline/jenkins-GCC-10-pipeline-338_20211018_1634516203/install-native/share/doc/gcc-arm-none-eabi/html --pdfdir=/mnt/workspace/workspace/GCC-10-pipeline/jenkins-GCC-10-pipeline-338_20211018_1634516203/install-native/share/doc/gcc-arm-none-eabi/pdf --enable-languages=c,c++ --enable-plugins --disable-decimal-float --disable-libffi --disable-libgomp --disable-libmudflap --disable-libquadmath --disable-libssp --disable-libstdcxx-pch --disable-nls --disable-shared --disable-threads --disable-tls --with-gnu-as --with-gnu-ld --with-newlib --with-headers=yes --with-python-dir=share/gcc-arm-none-eabi --with-sysroot=/mnt/workspace/workspace/GCC-10-pipeline/jenkins-GCC-10-pipeline-338_20211018_1634516203/install-native/arm-none-eabi --build=x86_64-linux-gnu --host=x86_64-linux-gnu --with-gmp=/mnt/workspace/workspace/GCC-10-pipeline/jenkins-GCC-10-pipeline-338_20211018_1634516203/build-native/host-libs/usr --with-mpfr=/mnt/workspace/workspace/GCC-10-pipeline/jenkins-GCC-10-pipeline-338_20211018_1634516203/build-native/host-libs/usr --with-mpc=/mnt/workspace/workspace/GCC-10-pipeline/jenkins-GCC-10-pipeline-338_20211018_1634516203/build-native/host-libs/usr --with-isl=/mnt/workspace/workspace/GCC-10-pipeline/jenkins-GCC-10-pipeline-338_20211018_1634516203/build-native/host-libs/usr --with-libelf=/mnt/workspace/workspace/GCC-10-pipeline/jenkins-GCC-10-pipeline-338_20211018_1634516203/build-native/host-libs/usr --with-host-libstdcxx='-static-libgcc -Wl,-Bstatic,-lstdc++,-Bdynamic -lm' --with-pkgversion='GNU Arm Embedded Toolchain 10.3-2021.10' --with-multilib-list=rmprofile,aprofile]
  ignore line: [Thread model: single]
  ignore line: [Supported LTO compression algorithms: zlib]
  ignore line: [gcc version 10.3.1 20210824 (release) (GNU Arm Embedded Toolchain 10.3-2021.10) ]
  ignore line: [COMPILER_PATH=/opt/gcc-arm-none-eabi-10.3-2021.10/bin/../lib/gcc/arm-none-eabi/10.3.1/:/opt/gcc-arm-none-eabi-10.3-2021.10/bin/../lib/gcc/:/opt/gcc-arm-none-eabi-10.3-2021.10/bin/../lib/gcc/arm-none-eabi/10.3.1/../../../../arm-none-eabi/bin/]
  ignore line: [LIBRARY_PATH=/opt/gcc-arm-none-eabi-10.3-2021.10/bin/../lib/gcc/arm-none-eabi/10.3.1/:/opt/gcc-arm-none-eabi-10.3-2021.10/bin/../lib/gcc/:/opt/gcc-arm-none-eabi-10.3-2021.10/bin/../lib/gcc/arm-none-eabi/10.3.1/../../../../arm-none-eabi/lib/:/opt/gcc-arm-none-eabi-10.3-2021.10/bin/../arm-none-eabi/lib/]
  ignore line: [COLLECT_GCC_OPTIONS='-specs=nosys.specs' '-v' '-o' 'cmTC_4ba31' '-mcpu=arm7tdmi' '-mfloat-abi=soft' '-marm' '-mlibarch=armv4t' '-march=armv4t']
  link line: [ /opt/gcc-arm-none-eabi-10.3-2021.10/bin/../lib/gcc/arm-none-eabi/10.3.1/collect2 -plugin /opt/gcc-arm-none-eabi-10.3-2021.10/bin/../lib/gcc/arm-none-eabi/10.3.1/liblto_plugin.so -plugin-opt=/opt/gcc-arm-none-eabi-10.3-2021.10/bin/../lib/gcc/arm-none-eabi/10.3.1/lto-wrapper -plugin-opt=-fresolution=/tmp/ccWaZygK.res -plugin-opt=-pass-through=-lgcc -plugin-opt=-pass-through=-lc -plugin-opt=-pass-through=-lgcc -plugin-opt=-pass-through=-lc -plugin-opt=-pass-through=-lnosys --sysroot=/opt/gcc-arm-none-eabi-10.3-2021.10/bin/../arm-none-eabi -X -o cmTC_4ba31 /opt/gcc-arm-none-eabi-10.3-2021.10/bin/../lib/gcc/arm-none-eabi/10.3.1/crti.o /opt/gcc-arm-none-eabi-10.3-2021.10/bin/../lib/gcc/arm-none-eabi/10.3.1/crtbegin.o /opt/gcc-arm-none-eabi-10.3-2021.10/bin/../lib/gcc/arm-none-eabi/10.3.1/../../../../arm-none-eabi/lib/crt0.o -L/opt/gcc-arm-none-eabi-10.3-2021.10/bin/../lib/gcc/arm-none-eabi/10.3.1 -L/opt/gcc-arm-none-eabi-10.3-2021.10/bin/../lib/gcc -L/opt/gcc-arm-none-eabi-10.3-2021.10/bin/../lib/gcc/arm-none-eabi/10.3.1/../../../../arm-none-eabi/lib -L/opt/gcc-arm-none-eabi-10.3-2021.10/bin/../arm-none-eabi/lib CMakeFiles/cmTC_4ba31.dir/CMakeCCompilerABI.c.o --start-group -lgcc -lc --end-group --start-group -lgcc -lc -lnosys --end-group /opt/gcc-arm-none-eabi-10.3-2021.10/bin/../lib/gcc/arm-none-eabi/10.3.1/crtend.o /opt/gcc-arm-none-eabi-10.3-2021.10/bin/../lib/gcc/arm-none-eabi/10.3.1/crtn.o]
    arg [/opt/gcc-arm-none-eabi-10.3-2021.10/bin/../lib/gcc/arm-none-eabi/10.3.1/collect2] ==> ignore
    arg [-plugin] ==> ignore
    arg [/opt/gcc-arm-none-eabi-10.3-2021.10/bin/../lib/gcc/arm-none-eabi/10.3.1/liblto_plugin.so] ==> ignore
    arg [-plugin-opt=/opt/gcc-arm-none-eabi-10.3-2021.10/bin/../lib/gcc/arm-none-eabi/10.3.1/lto-wrapper] ==> ignore
    arg [-plugin-opt=-fresolution=/tmp/ccWaZygK.res] ==> ignore
    arg [-plugin-opt=-pass-through=-lgcc] ==> ignore
    arg [-plugin-opt=-pass-through=-lc] ==> ignore
    arg [-plugin-opt=-pass-through=-lgcc] ==> ignore
    arg [-plugin-opt=-pass-through=-lc] ==> ignore
    arg [-plugin-opt=-pass-through=-lnosys] ==> ignore
    arg [--sysroot=/opt/gcc-arm-none-eabi-10.3-2021.10/bin/../arm-none-eabi] ==> ignore
    arg [-X] ==> ignore
    arg [-o] ==> ignore
    arg [cmTC_4ba31] ==> ignore
    arg [/opt/gcc-arm-none-eabi-10.3-2021.10/bin/../lib/gcc/arm-none-eabi/10.3.1/crti.o] ==> ignore
    arg [/opt/gcc-arm-none-eabi-10.3-2021.10/bin/../lib/gcc/arm-none-eabi/10.3.1/crtbegin.o] ==> ignore
    arg [/opt/gcc-arm-none-eabi-10.3-2021.10/bin/../lib/gcc/arm-none-eabi/10.3.1/../../../../arm-none-eabi/lib/crt0.o] ==> ignore
    arg [-L/opt/gcc-arm-none-eabi-10.3-2021.10/bin/../lib/gcc/arm-none-eabi/10.3.1] ==> dir [/opt/gcc-arm-none-eabi-10.3-2021.10/bin/../lib/gcc/arm-none-eabi/10.3.1]
    arg [-L/opt/gcc-arm-none-eabi-10.3-2021.10/bin/../lib/gcc] ==> dir [/opt/gcc-arm-none-eabi-10.3-2021.10/bin/../lib/gcc]
    arg [-L/opt/gcc-arm-none-eabi-10.3-2021.10/bin/../lib/gcc/arm-none-eabi/10.3.1/../../../../arm-none-eabi/lib] ==> dir [/opt/gcc-arm-none-eabi-10.3-2021.10/bin/../lib/gcc/arm-none-eabi/10.3.1/../../../../arm-none-eabi/lib]
    arg [-L/opt/gcc-arm-none-eabi-10.3-2021.10/bin/../arm-none-eabi/lib] ==> dir [/opt/gcc-arm-none-eabi-10.3-2021.10/bin/../arm-none-eabi/lib]
    arg [CMakeFiles/cmTC_4ba31.dir/CMakeCCompilerABI.c.o] ==> ignore
    arg [--start-group] ==> ignore
    arg [-lgcc] ==> lib [gcc]
    arg [-lc] ==> lib [c]
    arg [--end-group] ==> ignore
    arg [--start-group] ==> ignore
    arg [-lgcc] ==> lib [gcc]
    arg [-lc] ==> lib [c]
    arg [-lnosys] ==> lib [nosys]
    arg [--end-group] ==> ignore
    arg [/opt/gcc-arm-none-eabi-10.3-2021.10/bin/../lib/gcc/arm-none-eabi/10.3.1/crtend.o] ==> ignore
    arg [/opt/gcc-arm-none-eabi-10.3-2021.10/bin/../lib/gcc/arm-none-eabi/10.3.1/crtn.o] ==> ignore
  collapse library dir [/opt/gcc-arm-none-eabi-10.3-2021.10/bin/../lib/gcc/arm-none-eabi/10.3.1] ==> [/opt/gcc-arm-none-eabi-10.3-2021.10/lib/gcc/arm-none-eabi/10.3.1]
  collapse library dir [/opt/gcc-arm-none-eabi-10.3-2021.10/bin/../lib/gcc] ==> [/opt/gcc-arm-none-eabi-10.3-2021.10/lib/gcc]
  collapse library dir [/opt/gcc-arm-none-eabi-10.3-2021.10/bin/../lib/gcc/arm-none-eabi/10.3.1/../../../../arm-none-eabi/lib] ==> [/opt/gcc-arm-none-eabi-10.3-2021.10/arm-none-eabi/lib]
  collapse library dir [/opt/gcc-arm-none-eabi-10.3-2021.10/bin/../arm-none-eabi/lib] ==> [/opt/gcc-arm-none-eabi-10.3-2021.10/arm-none-eabi/lib]
  implicit libs: [gcc;c;gcc;c;nosys]
  implicit dirs: [/opt/gcc-arm-none-eabi-10.3-2021.10/lib/gcc/arm-none-eabi/10.3.1;/opt/gcc-arm-none-eabi-10.3-2021.10/lib/gcc;/opt/gcc-arm-none-eabi-10.3-2021.10/arm-none-eabi/lib]
  implicit fwks: []


